C51 COMPILER V9.60.7.0   EEPROM                                                            07/22/2025 10:24:03 PAGE 1   


C51 COMPILER V9.60.7.0, COMPILATION OF MODULE EEPROM
OBJECT MODULE PLACED IN .\Output\eeprom.obj
COMPILER INVOKED BY: D:\APP\Keil_v5\C51\BIN\C51.EXE Src\eeprom.c LARGE OPTIMIZE(8,SPEED) BROWSE INCDIR(.\Inc;D:\APP\Keil
                    -_v5\C51\INC) DEBUG OBJECTEXTEND PRINT(.\Listings\eeprom.lst) OBJECT(.\Output\eeprom.obj)

line level    source

   1          #include "STC15W4Kxx.h"
   2          #include "eeprom.h"
   3          #include "stdint.h"
   4          #include "delay.h"
   5          #include "key.h"
   6          #include "timer.h"
   7          #include "stdio.h"
   8          #include "screen.h"
   9          #include "sync.h"
  10          #include "pwm.h"
  11          
  12          void ISPIdle()
  13          {
  14   1          IAP_CONTR = 0X00;
  15   1          IAP_CMD = 0X00;
  16   1          IAP_TRIG = 0X00;
  17   1          IAP_ADDRH = 0X80;
  18   1          IAP_ADDRL = 0X00; 
  19   1      }
  20          
  21          uint8_t ISP_read(uint16_t addr)
  22          {
  23   1          uint8_t dat;
  24   1          
  25   1          IAP_CONTR = 0X83;
  26   1          IAP_CMD = 0X01;
  27   1          IAP_ADDRL = addr;
  28   1          IAP_ADDRH = addr>>8;
  29   1          
  30   1          IAP_TRIG = 0X5A;
  31   1          IAP_TRIG = 0XA5;
  32   1          
  33   1          delay_ms(10);
  34   1          
  35   1          dat = IAP_DATA;
  36   1          
  37   1          ISPIdle();
  38   1          
  39   1          return dat;
  40   1      }
  41          
  42          void ISP_write(uint16_t addr,uint8_t dat)
  43          {
  44   1          IAP_CONTR = 0X83;
  45   1          IAP_CMD = 0X02;
  46   1          IAP_ADDRL = addr;
  47   1          IAP_ADDRH = addr>>8;
  48   1          IAP_DATA = dat;
  49   1          
  50   1          IAP_TRIG = 0X5A;
  51   1          IAP_TRIG = 0XA5;
  52   1          
  53   1          delay_ms(10);
  54   1          
C51 COMPILER V9.60.7.0   EEPROM                                                            07/22/2025 10:24:03 PAGE 2   

  55   1          ISPIdle();
  56   1      }
  57          
  58          void ISP_earse(uint16_t addr)
  59          {   
  60   1          IAP_CONTR = 0X83;   //  WT2:WT1:WT0 = 0 1 1  CPU等待时间>=12MHz
  61   1          IAP_CMD = 0X03;
  62   1          IAP_ADDRL = addr;
  63   1          IAP_ADDRH = addr>>8;
  64   1          
  65   1          IAP_TRIG = 0X5A;
  66   1          IAP_TRIG = 0XA5;
  67   1          
  68   1          delay_ms(10);
  69   1          
  70   1          ISPIdle();
  71   1      }
  72          
  73          //void eeprom_date_write()
  74          //{
  75          //    if(eeprom_bit == 1)
  76          //    { 
  77          //        ISP_earse(0x0000);
  78          //        
  79          //        ISP_write(0x0000,init_temp1);       //温度1
  80          
  81          //        
  82          //        eeprom_bit = 0;
  83          //    }
  84          //}
  85          void eeprom_mode_save()
  86          {
  87   1          uint16_t addr = 0x0000;
  88   1          uint16_t addr2 = 0x0002;
  89   1          
  90   1          ISP_earse(addr);
  91   1          ISP_write(addr,mode_num);  
  92   1          ISP_write(addr2,power_statu);  
  93   1      
  94   1          buzzer=buzzer_bit=0;
  95   1      }
  96          
  97          void eeprom_data_write()
  98          {
  99   1          uint8_t i;
 100   1          uint16_t addr;
 101   1          
 102   1          mode_info[0] = channel_num;         //通道
 103   1          mode_info[1] = sync_bit;           //同步标志位
 104   1          mode_info[2] = wind_num;            //风力
 105   1          mode_info[3] = power_num;           //功率
 106   1          mode_info[4] = temp_num;            //温度
 107   1      
 108   1          addr = (mode_num * 2)<<8;
 109   1          
 110   1          ISP_earse(addr);
 111   1          
 112   1          for(i=0;i<5;i++)
 113   1          {
 114   2              ISP_write(addr,mode_info[i]);
 115   2              addr++;
 116   2          }
C51 COMPILER V9.60.7.0   EEPROM                                                            07/22/2025 10:24:03 PAGE 3   

 117   1          
 118   1          buzzer=buzzer_bit=0;
 119   1      }
 120          
 121          void ISP_data_init()
 122          {  
 123   1          mode_num = ISP_read(0x0000);
 124   1          eeprom_data_read(mode_num);
 125   1      
 126   1          sun_dis(power_bit);
 127   1          percentage_dis(DIS_ON);   
 128   1          sync_dis(sync_bit);
 129   1          num_dis(power_num);
 130   1          channel_dis(channel_num);
 131   1          wind_dis(wind_num);          //刷新界面：加热符号、通道、功率、百分比、风力、同步标志
 132   1          
 133   1          sync_judge();               //判断同步状态
 134   1      }
 135          
 136          void eeprom_data_read(uint8_t mode)     
 137          {
 138   1          uint8_t i;
 139   1          uint16_t addr;
 140   1          
 141   1          addr = (mode * 2)<<8;
 142   1          for(i=0;i<5;i++)
 143   1          {
 144   2              mode_info[i] = ISP_read(addr);
 145   2              addr++;
 146   2          }
 147   1          
 148   1          channel_num = mode_info[0];
 149   1          sync_bit = mode_info[1];
 150   1          wind_num = mode_info[2];
 151   1          power_num = mode_info[3];
 152   1          temp_num = mode_info[4];//读取channel_num、sync_bit、wind_num、power_num、temp_num
 153   1      }
 154              


MODULE INFORMATION:   STATIC OVERLAYABLE
   CODE SIZE        =    445    ----
   CONSTANT SIZE    =   ----    ----
   XDATA SIZE       =   ----      10
   PDATA SIZE       =   ----    ----
   DATA SIZE        =   ----    ----
   IDATA SIZE       =   ----    ----
   BIT SIZE         =   ----    ----
END OF MODULE INFORMATION.


C51 COMPILATION COMPLETE.  0 WARNING(S),  0 ERROR(S)
