C51 COMPILER V9.60.7.0   MAIN                                                              08/01/2025 09:15:43 PAGE 1   


C51 COMPILER V9.60.7.0, COMPILATION OF MODULE MAIN
OBJECT MODULE PLACED IN .\Output\main.obj
COMPILER INVOKED BY: D:\APP\Keil_v5\C51\BIN\C51.EXE User\main.c LARGE OPTIMIZE(8,SPEED) BROWSE INCDIR(.\Inc;D:\APP\Keil_
                    -v5\C51\INC) DEBUG OBJECTEXTEND PRINT(.\Listings\main.lst) OBJECT(.\Output\main.obj)

line level    source

   1          #include "STC15W4Kxx.h"
   2          #include <stdio.h> 
   3          #include "gpio.h"
   4          #include "delay.h"
   5          #include "adc.h"
   6          #include "uart.h"
   7          #include "ntc.h"
   8          #include "timer.h"
   9          #include "screen.h"
  10          #include "stdint.h"
  11          #include "pwm.h"
  12          #include "key.h"
  13          #include "eeprom.h"
  14          #include "sync.h"
  15          
  16          void main()
  17          {
  18   1          uint8_t x;
  19   1          uint8_t y;
  20   1          P_SW2 |= 0x80;
  21   1          
  22   1          GPIOInit();
  23   1          ADCInit();
  24   1          Uart1Init();
  25   1          Tim0Init();
  26   1          Tim1Init();
  27   1          Tim3Init();
  28   1          tempchannel1 = tempchannel2 = tempchannel3 = 1;    
  29   1          IT0 = 1;   //œ¬Ωµ—ÿ¥•∑¢π˝¡„ºÏ≤‚–≈∫≈
  30   1          
  31   1          EA = 1;
  32   1          P42 = 0;
  33   1          P23 = 0;
  34   1          P54 = 1;
  35   1          PWM5Init(); 
  36   1          P05 = 0;
  37   1          PWMStop();
  38   1            
  39   1          printf("======== code start ========\r\n");  
  40   1          lcd_init(); 
  41   1          x = ISP_read(0x0000);
  42   1          if((x!=1)&&(x!=2)&&(x!=3)&&(x!=4)&&(x!=5))
  43   1          {
  44   2              mode_num = 1;
  45   2              channel_num = 1;
  46   2              sync_bit = 1;
  47   2              wind_num = 3;
  48   2              power_num = 50;
  49   2              temp_num = 100;//∂¡»°channel_num°¢sync_bit°¢wind_num°¢power_num°¢temp_num
  50   2              eeprom_mode_save();
  51   2              for(y = 1;y<6;y++) 
  52   2              
  53   2              {
  54   3                  mode_num = y;
C51 COMPILER V9.60.7.0   MAIN                                                              08/01/2025 09:15:43 PAGE 2   

  55   3                  eeprom_data_write();
  56   3               }
  57   2          }
  58   1          
  59   1          restart:
  60   1          delay_ms(1000);
  61   1          
  62   1          while(on_off)
  63   1          {
  64   2              on_off = power_on();
  65   2          }
  66   1          if( power_num == 0 )  
  67   1          {
  68   2              EX0 = 0;
  69   2          }else
  70   1          {
  71   2              EX0 = 1;
  72   2          }
  73   1          P20 = 0; 
  74   1      
  75   1          led_init();     
  76   1          ISP_data_init();
  77   1          percentage_dis(DIS_ON);
  78   1          if(power_bit==1)
  79   1          {
  80   2              sun_dis(DIS_ON);
  81   2          }
  82   1          buzzer=buzzer_bit=0;
  83   1          
  84   1          while(1)
  85   1          {
  86   2              button_scan();
  87   2              fan_rotate();
  88   2              external_24V_listen();
  89   2              temp_listen();
  90   2              sync_fan_delay_listen();
  91   2              power_off();
  92   2              if(on_off == 1)
  93   2              {
  94   3                  buzzer=buzzer_bit=0;
  95   3                  P24 = P25 = P26 = 1;
  96   3                  P43 = P44 = 1;
  97   3                  P20 = 1;
  98   3                  goto restart;   
  99   3              }
 100   2              
 101   2          }
 102   1      }


MODULE INFORMATION:   STATIC OVERLAYABLE
   CODE SIZE        =    249    ----
   CONSTANT SIZE    =     31    ----
   XDATA SIZE       =   ----       1
   PDATA SIZE       =   ----    ----
   DATA SIZE        =   ----    ----
   IDATA SIZE       =   ----    ----
   BIT SIZE         =   ----    ----
END OF MODULE INFORMATION.


C51 COMPILATION COMPLETE.  0 WARNING(S),  0 ERROR(S)
